---------- Date: 2014-08-10 14:43:57 ~ IP : 123.24.162.164 ----------
REQUEST URI : /lulu/index.php?route=product/manufacturer/info&amp;manufacturer_id=9
MOD DETAILS:
   modFile   : /home/dev/public_html/lulu/vqmod/xml/manufacturer_description.xml
   id        : MANUFACTURER DESCRITION
   version   : 1.4.x and 1.5.x
   vqmver    : 
   author    : Andrew Dacenko

File Name    : catalog/view/theme/*/template/product/manufacturer_info.tpl(0)
VQModObject::applyMod - SEARCH NOT FOUND (ABORTING MOD): <h1><?php echo $heading_title; ?></h1>

----------------------------------------------------------------------


---------- Date: 2014-08-10 14:46:27 ~ IP : 1.55.52.90 ----------
REQUEST URI : /lulu/index.php?route=product/manufacturer/info&amp;manufacturer_id=8
MOD DETAILS:
   modFile   : /home/dev/public_html/lulu/vqmod/xml/manufacturer_description.xml
   id        : MANUFACTURER DESCRITION
   version   : 1.4.x and 1.5.x
   vqmver    : 
   author    : Andrew Dacenko

File Name    : catalog/view/theme/*/template/product/manufacturer_info.tpl(0)
VQModObject::applyMod - SEARCH NOT FOUND (ABORTING MOD): <h1><?php echo $heading_title; ?></h1>

----------------------------------------------------------------------


---------- Date: 2014-08-10 17:04:42 ~ IP : 1.55.52.90 ----------
REQUEST URI : /lulu/index.php?route=product/manufacturer/info&amp;manufacturer_id=9
MOD DETAILS:
   modFile   : /home/dev/public_html/lulu/vqmod/xml/manufacturer_description.xml
   id        : MANUFACTURER DESCRITION
   version   : 1.4.x and 1.5.x
   vqmver    : 
   author    : Andrew Dacenko

File Name    : catalog/view/theme/*/template/product/manufacturer_info.tpl(0)
VQModObject::applyMod - SEARCH NOT FOUND (ABORTING MOD): <h1><?php echo $heading_title; ?></h1>

----------------------------------------------------------------------


---------- Date: 2014-08-10 17:06:03 ~ IP : 1.55.52.90 ----------
REQUEST URI : /lulu/index.php?route=product/manufacturer/info&amp;manufacturer_id=9
MOD DETAILS:
   modFile   : /home/dev/public_html/lulu/vqmod/xml/manufacturer_description.xml
   id        : MANUFACTURER DESCRITION
   version   : 1.4.x and 1.5.x
   vqmver    : 
   author    : Andrew Dacenko

File Name    : catalog/view/theme/*/template/product/manufacturer_info.tpl(0)
VQModObject::applyMod - SEARCH NOT FOUND (ABORTING MOD): <h1><?php echo $heading_title; ?></h1>

----------------------------------------------------------------------


---------- Date: 2014-08-10 17:09:05 ~ IP : 1.55.52.90 ----------
REQUEST URI : /lulu/index.php?route=product/manufacturer/info&amp;manufacturer_id=8
MOD DETAILS:
   modFile   : /home/dev/public_html/lulu/vqmod/xml/manufacturer_description.xml
   id        : MANUFACTURER DESCRITION
   version   : 1.4.x and 1.5.x
   vqmver    : 
   author    : Andrew Dacenko

File Name    : catalog/view/theme/*/template/product/manufacturer_info.tpl(0)
VQModObject::applyMod - SEARCH NOT FOUND (ABORTING MOD): <h1><?php echo $heading_title; ?></h1>

----------------------------------------------------------------------


---------- Date: 2014-08-10 17:10:09 ~ IP : 1.55.52.90 ----------
REQUEST URI : /lulu/index.php?route=product/manufacturer/info&amp;manufacturer_id=8
MOD DETAILS:
   modFile   : /home/dev/public_html/lulu/vqmod/xml/manufacturer_description.xml
   id        : MANUFACTURER DESCRITION
   version   : 1.4.x and 1.5.x
   vqmver    : 
   author    : Andrew Dacenko

File Name    : catalog/view/theme/*/template/product/manufacturer_info.tpl(0)
VQModObject::applyMod - SEARCH NOT FOUND (ABORTING MOD): <h1><?php echo $heading_title; ?></h1>

----------------------------------------------------------------------


---------- Date: 2014-08-10 17:10:27 ~ IP : 1.55.52.90 ----------
REQUEST URI : /lulu/index.php?route=product/manufacturer/info&amp;manufacturer_id=8
MOD DETAILS:
   modFile   : /home/dev/public_html/lulu/vqmod/xml/manufacturer_description.xml
   id        : MANUFACTURER DESCRITION
   version   : 1.4.x and 1.5.x
   vqmver    : 
   author    : Andrew Dacenko

File Name    : catalog/view/theme/*/template/product/manufacturer_info.tpl(0)
VQModObject::applyMod - SEARCH NOT FOUND (ABORTING MOD): <h1><?php echo $heading_title; ?></h1>

----------------------------------------------------------------------


