---------- Date: 2014-06-25 04:41:35 ~ IP : ::1 ----------
REQUEST URI : /lulu/index.php?route=product/manufacturer/info&amp;manufacturer_id=8
MOD DETAILS:
   modFile   : D:\xampp\htdocs\lulu\vqmod/xml/manufacturer_description.xml
   id        : MANUFACTURER DESCRITION
   version   : 1.4.x and 1.5.x
   vqmver    : 
   author    : Andrew Dacenko

File Name    : catalog/view/theme/*/template/product/manufacturer_info.tpl(0)
VQModObject::applyMod - SEARCH NOT FOUND (ABORTING MOD): <h1><?php echo $heading_title; ?></h1>

----------------------------------------------------------------------


---------- Date: 2014-06-25 06:49:04 ~ IP : ::1 ----------
REQUEST URI : /lulu/index.php?route=product/product&amp;path=20&amp;product_id=47
MOD DETAILS:
   modFile   : D:\xampp\htdocs\lulu\vqmod/xml/extra_product_tab_catalog.xml
   id        : Additional Product Tabs
   version   : 1.0.3
   vqmver    : 2.2.1
   author    : Godfrey Livinstone

File Name    : catalog/view/theme/*/template/product/product.tpl(4)
VQModObject::applyMod - SEARCH NOT FOUND (SKIPPED): <?php if ($review_status) { ?>
                                <a href="#tab-review"><?php echo $tab_review; ?></a>
                                <?php } ?>

----------------------------------------------------------------------


---------- Date: 2014-06-25 07:02:31 ~ IP : ::1 ----------
REQUEST URI : /lulu/index.php?route=product/product&amp;path=20&amp;product_id=47
MOD DETAILS:
   modFile   : D:\xampp\htdocs\lulu\vqmod/xml/extra_product_tab_catalog.xml
   id        : Additional Product Tabs
   version   : 1.0.3
   vqmver    : 2.2.1
   author    : Godfrey Livinstone

File Name    : catalog/view/theme/*/template/product/product.tpl(4)
VQModObject::applyMod - SEARCH NOT FOUND (SKIPPED): <?php if ($review_status) { ?>
    <a href="#tab-review"><?php echo $tab_review; ?></a>
    <?php } ?>

----------------------------------------------------------------------


