---------- Date: 2014-08-14 06:15:22 ~ IP : ::1 ----------
REQUEST URI : /lulu/index.php?route=common/home
MOD DETAILS:
   modFile   : D:\xampp\htdocs\lulu\vqmod/xml/newsletter_NB_support.xml
   id        : newsletter_popup-NB fix
   version   : 2.0
   vqmver    : 2.1.0
   author    : info@kodecube.com
VQModObject::parseMods - Could not resolve path for [catalog/controller/account/cron_newsletter_builder.php] (SKIPPED)
VQModObject::parseMods - Could not resolve path for [catalog/model/module/newsletter_builder.php] (SKIPPED)
VQModObject::parseMods - Could not resolve path for [admin/view/template/module/newsletter_builder_list.tpl] (SKIPPED)
VQModObject::parseMods - Could not resolve path for [admin/view/template/module/newsletter_builder_form.tpl] (SKIPPED)
VQModObject::parseMods - Could not resolve path for [admin/controller/module/newsletter_builder.php] (SKIPPED)

----------------------------------------------------------------------


---------- Date: 2014-08-14 06:16:42 ~ IP : ::1 ----------
REQUEST URI : /lulu/index.php?route=product/manufacturer/info&amp;manufacturer_id=79
MOD DETAILS:
   modFile   : D:\xampp\htdocs\lulu\vqmod/xml/manufacturer_description.xml
   id        : MANUFACTURER DESCRITION
   version   : 1.4.x and 1.5.x
   vqmver    : 
   author    : Andrew Dacenko

File Name    : catalog/view/theme/*/template/product/manufacturer_info.tpl(0)
VQModObject::applyMod - SEARCH NOT FOUND (ABORTING MOD): <h1><?php echo $heading_title; ?></h1>

----------------------------------------------------------------------


